<?xml version="1.0" encoding="UTF-8"?>
<testsuite name="com.example.account.controller.AccountControllerTest" tests="5" skipped="0" failures="0" errors="0" timestamp="2022-09-20T21:24:09" hostname="Samui-MacBookPro.local" time="0.297">
  <properties/>
  <testcase name="successCreateAccount()" classname="com.example.account.controller.AccountControllerTest" time="0.225"/>
  <testcase name="failGetAccount()" classname="com.example.account.controller.AccountControllerTest" time="0.018"/>
  <testcase name="successDeleteAccount()" classname="com.example.account.controller.AccountControllerTest" time="0.022"/>
  <testcase name="successGetAccountsByUserId()" classname="com.example.account.controller.AccountControllerTest" time="0.015"/>
  <testcase name="successGetAccount()" classname="com.example.account.controller.AccountControllerTest" time="0.011"/>
  <system-out><![CDATA[2022-09-21 06:24:08.582  INFO 2458 --- [    Test worker] .b.t.a.w.s.WebMvcTestContextBootstrapper : Neither @ContextConfiguration nor @ContextHierarchy found for test class [com.example.account.controller.AccountControllerTest], using SpringBootContextLoader
2022-09-21 06:24:08.587  INFO 2458 --- [    Test worker] o.s.t.c.support.AbstractContextLoader    : Could not detect default resource locations for test class [com.example.account.controller.AccountControllerTest]: no resource found for suffixes {-context.xml, Context.groovy}.
2022-09-21 06:24:08.587  INFO 2458 --- [    Test worker] t.c.s.AnnotationConfigContextLoaderUtils : Could not detect default configuration classes for test class [com.example.account.controller.AccountControllerTest]: AccountControllerTest does not declare any static, non-private, non-final, nested classes annotated with @Configuration.
2022-09-21 06:24:08.626  INFO 2458 --- [    Test worker] .b.t.c.SpringBootTestContextBootstrapper : Found @SpringBootConfiguration com.example.account.AccountApplication for test class com.example.account.controller.AccountControllerTest
2022-09-21 06:24:08.628  INFO 2458 --- [    Test worker] .b.t.a.w.s.WebMvcTestContextBootstrapper : Loaded default TestExecutionListener class names from location [META-INF/spring.factories]: [org.springframework.boot.test.autoconfigure.restdocs.RestDocsTestExecutionListener, org.springframework.boot.test.autoconfigure.web.client.MockRestServiceServerResetTestExecutionListener, org.springframework.boot.test.autoconfigure.web.servlet.MockMvcPrintOnlyOnFailureTestExecutionListener, org.springframework.boot.test.autoconfigure.web.servlet.WebDriverTestExecutionListener, org.springframework.boot.test.autoconfigure.webservices.client.MockWebServiceServerTestExecutionListener, org.springframework.boot.test.mock.mockito.MockitoTestExecutionListener, org.springframework.boot.test.mock.mockito.ResetMocksTestExecutionListener, org.springframework.test.context.web.ServletTestExecutionListener, org.springframework.test.context.support.DirtiesContextBeforeModesTestExecutionListener, org.springframework.test.context.event.ApplicationEventsTestExecutionListener, org.springframework.test.context.support.DependencyInjectionTestExecutionListener, org.springframework.test.context.support.DirtiesContextTestExecutionListener, org.springframework.test.context.transaction.TransactionalTestExecutionListener, org.springframework.test.context.jdbc.SqlScriptsTestExecutionListener, org.springframework.test.context.event.EventPublishingTestExecutionListener]
2022-09-21 06:24:08.628  INFO 2458 --- [    Test worker] .b.t.a.w.s.WebMvcTestContextBootstrapper : Using TestExecutionListeners: [org.springframework.test.context.web.ServletTestExecutionListener@7282f7b1, org.springframework.test.context.support.DirtiesContextBeforeModesTestExecutionListener@7263b0c4, org.springframework.test.context.event.ApplicationEventsTestExecutionListener@361c4981, org.springframework.boot.test.mock.mockito.MockitoTestExecutionListener@35fac3ba, org.springframework.boot.test.autoconfigure.SpringBootDependencyInjectionTestExecutionListener@50a095cb, org.springframework.test.context.support.DirtiesContextTestExecutionListener@3f2afa8b, org.springframework.test.context.transaction.TransactionalTestExecutionListener@6b2efcae, org.springframework.test.context.jdbc.SqlScriptsTestExecutionListener@8aa1562, org.springframework.test.context.event.EventPublishingTestExecutionListener@5c70c771, org.springframework.boot.test.autoconfigure.restdocs.RestDocsTestExecutionListener@346690d6, org.springframework.boot.test.autoconfigure.web.client.MockRestServiceServerResetTestExecutionListener@2831c178, org.springframework.boot.test.autoconfigure.web.servlet.MockMvcPrintOnlyOnFailureTestExecutionListener@70e8c019, org.springframework.boot.test.autoconfigure.web.servlet.WebDriverTestExecutionListener@2a79da3a, org.springframework.boot.test.autoconfigure.webservices.client.MockWebServiceServerTestExecutionListener@2a191f83, org.springframework.boot.test.mock.mockito.ResetMocksTestExecutionListener@c8531b9]

  .   ____          _            __ _ _
 /\\ / ___'_ __ _ _(_)_ __  __ _ \ \ \ \
( ( )\___ | '_ | '_| | '_ \/ _` | \ \ \ \
 \\/  ___)| |_)| | | | | || (_| |  ) ) ) )
  '  |____| .__|_| |_|_| |_\__, | / / / /
 =========|_|==============|___/=/_/_/_/
 :: Spring Boot ::                (v2.6.8)

2022-09-21 06:24:08.763  INFO 2458 --- [    Test worker] c.e.a.controller.AccountControllerTest   : Starting AccountControllerTest using Java 17.0.4.1 on Samui-MacBookPro.local with PID 2458 (started by samkim in /Users/samkim/Desktop/Account)
2022-09-21 06:24:08.763  INFO 2458 --- [    Test worker] c.e.a.controller.AccountControllerTest   : No active profile set, falling back to 1 default profile: "default"
2022-09-21 06:24:09.728  INFO 2458 --- [    Test worker] o.s.b.t.m.w.SpringBootMockServletContext : Initializing Spring TestDispatcherServlet ''
2022-09-21 06:24:09.729  INFO 2458 --- [    Test worker] o.s.t.web.servlet.TestDispatcherServlet  : Initializing Servlet ''
2022-09-21 06:24:09.730  INFO 2458 --- [    Test worker] o.s.t.web.servlet.TestDispatcherServlet  : Completed initialization in 1 ms
2022-09-21 06:24:09.753  INFO 2458 --- [    Test worker] c.e.a.controller.AccountControllerTest   : Started AccountControllerTest in 1.106 seconds (JVM running for 8.09)

MockHttpServletRequest:
      HTTP Method = POST
      Request URI = /account
       Parameters = {}
          Headers = [Content-Type:"application/json;charset=UTF-8", Content-Length:"33"]
             Body = {"userId":1,"initialBalance":100}
    Session Attrs = {}

Handler:
             Type = com.example.account.controller.AccountController
           Method = com.example.account.controller.AccountController#createAccount(Request)

Async:
    Async started = false
     Async result = null

Resolved Exception:
             Type = null

ModelAndView:
        View name = null
             View = null
            Model = null

FlashMap:
       Attributes = null

MockHttpServletResponse:
           Status = 200
    Error message = null
          Headers = [Content-Type:"application/json"]
     Content type = application/json
             Body = {"userId":1,"accountNumber":"1234567890","registeredAt":"2022-09-21T06:24:09.786814"}
    Forwarded URL = null
   Redirected URL = null
          Cookies = []
2022-09-21 06:24:09.996 ERROR 2458 --- [    Test worker] c.e.a.exception.GlobalExceptionHandler   : ACCOUNT_NOT_FOUNT is occurred.

MockHttpServletRequest:
      HTTP Method = GET
      Request URI = /account/876
       Parameters = {}
          Headers = []
             Body = null
    Session Attrs = {}

Handler:
             Type = com.example.account.controller.AccountController
           Method = com.example.account.controller.AccountController#getAccount(Long)

Async:
    Async started = false
     Async result = null

Resolved Exception:
             Type = com.example.account.exception.AccountException

ModelAndView:
        View name = null
             View = null
            Model = null

FlashMap:
       Attributes = null

MockHttpServletResponse:
           Status = 200
    Error message = null
          Headers = [Content-Type:"application/json"]
     Content type = application/json
             Body = {"errorCode":"ACCOUNT_NOT_FOUNT","errorMessage":"계좌가 없습니다."}
    Forwarded URL = null
   Redirected URL = null
          Cookies = []

MockHttpServletRequest:
      HTTP Method = DELETE
      Request URI = /account
       Parameters = {}
          Headers = [Content-Type:"application/json;charset=UTF-8", Content-Length:"44"]
             Body = {"userId":3333,"accountNumber":"1111111001"}
    Session Attrs = {}

Handler:
             Type = com.example.account.controller.AccountController
           Method = com.example.account.controller.AccountController#deleteAccount(Request)

Async:
    Async started = false
     Async result = null

Resolved Exception:
             Type = null

ModelAndView:
        View name = null
             View = null
            Model = null

FlashMap:
       Attributes = null

MockHttpServletResponse:
           Status = 200
    Error message = null
          Headers = [Content-Type:"application/json"]
     Content type = application/json
             Body = {"userId":1,"accountNumber":"1234567890","unRegisteredAt":"2022-09-21T06:24:10.010368"}
    Forwarded URL = null
   Redirected URL = null
          Cookies = []

MockHttpServletRequest:
      HTTP Method = GET
      Request URI = /account
       Parameters = {user_id=[1]}
          Headers = []
             Body = null
    Session Attrs = {}

Handler:
             Type = com.example.account.controller.AccountController
           Method = com.example.account.controller.AccountController#getAccountsByUserId(Long)

Async:
    Async started = false
     Async result = null

Resolved Exception:
             Type = null

ModelAndView:
        View name = null
             View = null
            Model = null

FlashMap:
       Attributes = null

MockHttpServletResponse:
           Status = 200
    Error message = null
          Headers = [Content-Type:"application/json"]
     Content type = application/json
             Body = [{"accountNumber":"1234567890","balance":1000},{"accountNumber":"1111111111","balance":2000},{"accountNumber":"2222222222","balance":3000}]
    Forwarded URL = null
   Redirected URL = null
          Cookies = []

MockHttpServletRequest:
      HTTP Method = GET
      Request URI = /account/876
       Parameters = {}
          Headers = []
             Body = null
    Session Attrs = {}

Handler:
             Type = com.example.account.controller.AccountController
           Method = com.example.account.controller.AccountController#getAccount(Long)

Async:
    Async started = false
     Async result = null

Resolved Exception:
             Type = null

ModelAndView:
        View name = null
             View = null
            Model = null

FlashMap:
       Attributes = null

MockHttpServletResponse:
           Status = 200
    Error message = null
          Headers = [Content-Type:"application/json"]
     Content type = application/json
             Body = {"id":null,"createdAt":null,"updatedAt":null,"accountUser":null,"accountNumber":"3456","accountStatus":"IN_USE","balance":null,"registeredAt":null,"unRegisteredAt":null}
    Forwarded URL = null
   Redirected URL = null
          Cookies = []
]]></system-out>
  <system-err><![CDATA[]]></system-err>
</testsuite>
